<?xml version="1.0" encoding="UTF-8"?>
<!-- Generated by org.testng.reporters.JUnitXMLReporter -->
<testsuite hostname="DESKTOP-RQ9C1S4" ignored="0" name="JUnitTests" tests="10" failures="0" timestamp="21 Feb 2020 11:31:51 GMT" time="11.984" errors="0">
  <testcase name="contextLoads on contextLoads(com.springBoot.application.Get_EmploeeAll)" time="10.13" classname="com.springBoot.application.Get_EmploeeAll"/>
  <testcase name="testGetAllEmploee on testGetAllEmploee(com.springBoot.application.Get_EmploeeAll)" time="10.808" classname="com.springBoot.application.Get_EmploeeAll"/>
  <testcase name="testUpdatePost on testUpdatePost(com.springBoot.application.Update_Profile)" time="0.293" classname="com.springBoot.application.Update_Profile"/>
  <testcase name="contextLoads on contextLoads(com.springBoot.application.Update_Profile)" time="0.302" classname="com.springBoot.application.Update_Profile"/>
  <testcase name="contextLoads on contextLoads(com.springBoot.application.Get_EmployeeByID)" time="0.013" classname="com.springBoot.application.Get_EmployeeByID"/>
  <testcase name="testGetUserById on testGetUserById(com.springBoot.application.Get_EmployeeByID)" time="0.042" classname="com.springBoot.application.Get_EmployeeByID"/>
  <testcase name="testDeletePost on testDeletePost(com.springBoot.application.Delete_employee)" time="0.051" classname="com.springBoot.application.Delete_employee"/>
  <testcase name="contextLoads on contextLoads(com.springBoot.application.Delete_employee)" time="0.063" classname="com.springBoot.application.Delete_employee"/>
  <testcase name="testCreateEmployee on testCreateEmployee(com.springBoot.application.CreateEmploye)" time="0.213" classname="com.springBoot.application.CreateEmploye"/>
  <testcase name="contextLoads on contextLoads(com.springBoot.application.CreateEmploye)" time="0.218" classname="com.springBoot.application.CreateEmploye"/>
</testsuite> <!-- JUnitTests -->
