<?xml version="1.0" encoding="UTF-8"?>
<!-- Generated by org.testng.reporters.JUnitReportReporter -->
<testsuite skipped="0" hostname="DESKTOP-RQ9C1S4" name="com.springBoot.application.CreateEmploye" tests="2" failures="0" timestamp="21 Feb 2020 11:02:24 GMT" time="0.500" errors="0">
  <testcase name="contextLoads" time="0.257" classname="com.springBoot.application.CreateEmploye"/>
  <testcase name="testCreateEmployee" time="0.243" classname="com.springBoot.application.CreateEmploye"/>
</testsuite> <!-- com.springBoot.application.CreateEmploye -->
