<?xml version="1.0" encoding="UTF-8"?>
<!-- Generated by org.testng.reporters.JUnitReportReporter -->
<testsuite skipped="0" hostname="DESKTOP-RQ9C1S4" name="com.springBoot.application.Delete_employee" tests="2" failures="0" timestamp="21 Feb 2020 11:31:51 GMT" time="0.114" errors="0">
  <testcase name="contextLoads" time="0.063" classname="com.springBoot.application.Delete_employee"/>
  <testcase name="testDeletePost" time="0.051" classname="com.springBoot.application.Delete_employee"/>
</testsuite> <!-- com.springBoot.application.Delete_employee -->
