<?xml version="1.0" encoding="UTF-8"?>
<!-- Generated by org.testng.reporters.JUnitReportReporter -->
<testsuite skipped="0" hostname="DESKTOP-RQ9C1S4" name="com.springBoot.application.Get_EmployeeByID" tests="2" failures="0" timestamp="21 Feb 2020 11:31:51 GMT" time="0.055" errors="0">
  <testcase name="contextLoads" time="0.013" classname="com.springBoot.application.Get_EmployeeByID"/>
  <testcase name="testGetUserById" time="0.042" classname="com.springBoot.application.Get_EmployeeByID"/>
</testsuite> <!-- com.springBoot.application.Get_EmployeeByID -->
