<?xml version="1.0" encoding="UTF-8"?>
<!-- Generated by org.testng.reporters.JUnitReportReporter -->
<testsuite skipped="0" hostname="DESKTOP-RQ9C1S4" name="com.springBoot.application.Update_Profile" tests="2" failures="0" timestamp="21 Feb 2020 11:31:51 GMT" time="0.595" errors="0">
  <testcase name="testUpdatePost" time="0.293" classname="com.springBoot.application.Update_Profile"/>
  <testcase name="contextLoads" time="0.302" classname="com.springBoot.application.Update_Profile"/>
</testsuite> <!-- com.springBoot.application.Update_Profile -->
