<?xml version="1.0" encoding="UTF-8"?>
<!-- Generated by org.testng.reporters.JUnitReportReporter -->
<testsuite skipped="0" hostname="DESKTOP-RQ9C1S4" name="com.springBoot.application.CreateEmploye" tests="2" failures="0" timestamp="21 Feb 2020 11:31:51 GMT" time="0.431" errors="0">
  <testcase name="testCreateEmployee" time="0.213" classname="com.springBoot.application.CreateEmploye"/>
  <testcase name="contextLoads" time="0.218" classname="com.springBoot.application.CreateEmploye"/>
</testsuite> <!-- com.springBoot.application.CreateEmploye -->
