<?xml version="1.0" encoding="UTF-8"?>
<!-- Generated by org.testng.reporters.JUnitReportReporter -->
<testsuite skipped="0" hostname="DESKTOP-RQ9C1S4" name="com.springBoot.application.Get_EmploeeAll" tests="2" failures="0" timestamp="21 Feb 2020 11:02:24 GMT" time="22.789" errors="0">
  <testcase name="contextLoads" time="10.986" classname="com.springBoot.application.Get_EmploeeAll"/>
  <testcase name="testGetAllEmploee" time="11.803" classname="com.springBoot.application.Get_EmploeeAll"/>
</testsuite> <!-- com.springBoot.application.Get_EmploeeAll -->
