<?xml version="1.0" encoding="UTF-8"?>
<!-- Generated by org.testng.reporters.JUnitReportReporter -->
<testsuite skipped="0" hostname="DESKTOP-RQ9C1S4" name="com.springBoot.application.Get_EmploeeAll" tests="2" failures="0" timestamp="21 Feb 2020 11:31:51 GMT" time="20.938" errors="0">
  <testcase name="contextLoads" time="10.130" classname="com.springBoot.application.Get_EmploeeAll"/>
  <testcase name="testGetAllEmploee" time="10.808" classname="com.springBoot.application.Get_EmploeeAll"/>
</testsuite> <!-- com.springBoot.application.Get_EmploeeAll -->
